
/home/runner/work/exp-subtype-polymorphism-au/exp-subtype-polymorphism-au/experiment/simulation/assets/AbstractionView-91951a0c.js
    1:3064  warning  'o' is defined but never used  no-unused-vars
   62:220   warning  'o' is defined but never used  no-unused-vars
  106:920   warning  'o' is defined but never used  no-unused-vars

/home/runner/work/exp-subtype-polymorphism-au/exp-subtype-polymorphism-au/experiment/simulation/assets/CongratulationsPage-bae1ec50.js
  1:111  warning  'i' is defined but never used  no-unused-vars
  1:113  warning  'l' is defined but never used  no-unused-vars
  1:115  warning  'p' is defined but never used  no-unused-vars
  1:117  warning  'u' is defined but never used  no-unused-vars

/home/runner/work/exp-subtype-polymorphism-au/exp-subtype-polymorphism-au/experiment/simulation/assets/MethodCompletionExecutionView-9bf3cf0b.js
  36:526  warning  'm' is defined but never used  no-unused-vars

/home/runner/work/exp-subtype-polymorphism-au/exp-subtype-polymorphism-au/experiment/simulation/assets/MethodCompletionView-673e4a0f.js
    1:1964  warning  'b' is defined but never used  no-unused-vars
   34:4512  warning  'o' is defined but never used  no-unused-vars
   34:4677  warning  'o' is defined but never used  no-unused-vars
   34:4840  warning  'o' is defined but never used  no-unused-vars
   37:1742  warning  'o' is defined but never used  no-unused-vars
   44:536   warning  'o' is defined but never used  no-unused-vars
   54:501   warning  'o' is defined but never used  no-unused-vars
   66:550   warning  'o' is defined but never used  no-unused-vars
   80:524   warning  'o' is defined but never used  no-unused-vars
  151:834   warning  'o' is defined but never used  no-unused-vars
  151:1008  warning  'o' is defined but never used  no-unused-vars
  151:1170  warning  'o' is defined but never used  no-unused-vars
  151:1338  warning  'o' is defined but never used  no-unused-vars
  151:1496  warning  'o' is defined but never used  no-unused-vars
  151:1661  warning  'o' is defined but never used  no-unused-vars
  151:1834  warning  'o' is defined but never used  no-unused-vars
  151:2021  warning  'o' is defined but never used  no-unused-vars
  151:2499  warning  'o' is defined but never used  no-unused-vars

/home/runner/work/exp-subtype-polymorphism-au/exp-subtype-polymorphism-au/experiment/simulation/assets/SignContractView-022e807f.js
    1:4002  warning  'o' is defined but never used  no-unused-vars
   51:1360  warning  'o' is defined but never used  no-unused-vars
  116:67    warning  'o' is defined but never used  no-unused-vars

/home/runner/work/exp-subtype-polymorphism-au/exp-subtype-polymorphism-au/experiment/simulation/assets/StringcompareComponent-4e451caa.js
  1:3097  warning  'n' is defined but never used  no-unused-vars

/home/runner/work/exp-subtype-polymorphism-au/exp-subtype-polymorphism-au/experiment/simulation/assets/UpDownCastView-e93cacb8.js
   55:820   warning  'd' is defined but never used  no-unused-vars
   55:6656  warning  'n' is defined but never used  no-unused-vars
   55:6821  warning  'n' is defined but never used  no-unused-vars
   55:6994  warning  'n' is defined but never used  no-unused-vars
   55:7167  warning  'n' is defined but never used  no-unused-vars
   55:7340  warning  'n' is defined but never used  no-unused-vars
   55:7505  warning  'n' is defined but never used  no-unused-vars
   55:7678  warning  'n' is defined but never used  no-unused-vars
   55:7851  warning  'n' is defined but never used  no-unused-vars
   60:664   warning  'n' is defined but never used  no-unused-vars
   67:879   warning  'n' is defined but never used  no-unused-vars
   77:878   warning  'n' is defined but never used  no-unused-vars
   88:880   warning  'n' is defined but never used  no-unused-vars
  100:795   warning  'n' is defined but never used  no-unused-vars
  116:886   warning  'n' is defined but never used  no-unused-vars
  134:1094  warning  'n' is defined but never used  no-unused-vars
  153:722   warning  'n' is defined but never used  no-unused-vars
  174:77    warning  'n' is defined but never used  no-unused-vars
  174:797   warning  'n' is defined but never used  no-unused-vars
  174:971   warning  'n' is defined but never used  no-unused-vars
  174:1132  warning  'n' is defined but never used  no-unused-vars
  174:1294  warning  'n' is defined but never used  no-unused-vars
  174:1462  warning  'n' is defined but never used  no-unused-vars
  174:1620  warning  'n' is defined but never used  no-unused-vars
  174:1799  warning  'n' is defined but never used  no-unused-vars
  174:1964  warning  'n' is defined but never used  no-unused-vars
  174:2401  warning  'n' is defined but never used  no-unused-vars

/home/runner/work/exp-subtype-polymorphism-au/exp-subtype-polymorphism-au/experiment/simulation/assets/UpdateKeyStatusView-45d77206.js
   1:3953  warning  'i' is defined but never used  no-unused-vars
  10:892   warning  'i' is defined but never used  no-unused-vars
  41:67    warning  'i' is defined but never used  no-unused-vars

/home/runner/work/exp-subtype-polymorphism-au/exp-subtype-polymorphism-au/experiment/simulation/assets/abstractComponent-490573dc.js
  17:1192  warning  's' is defined but never used  no-unused-vars

/home/runner/work/exp-subtype-polymorphism-au/exp-subtype-polymorphism-au/experiment/simulation/assets/arrayListComponent-cbd58c5d.js
  1:2803  warning  'r' is defined but never used  no-unused-vars

/home/runner/work/exp-subtype-polymorphism-au/exp-subtype-polymorphism-au/experiment/simulation/assets/arraysComponent-d2cdf936.js
  1:2993  warning  'n' is defined but never used  no-unused-vars

/home/runner/work/exp-subtype-polymorphism-au/exp-subtype-polymorphism-au/experiment/simulation/assets/classCastExceptionComponent-16742f3e.js
  12:64  warning  's' is defined but never used  no-unused-vars

/home/runner/work/exp-subtype-polymorphism-au/exp-subtype-polymorphism-au/experiment/simulation/assets/constructorWritingComponent-7c33f734.js
  1:2887  warning  'r' is defined but never used  no-unused-vars

/home/runner/work/exp-subtype-polymorphism-au/exp-subtype-polymorphism-au/experiment/simulation/assets/dateComponent-7dc4c268.js
  1:3291  warning  'n' is defined but never used  no-unused-vars

/home/runner/work/exp-subtype-polymorphism-au/exp-subtype-polymorphism-au/experiment/simulation/assets/extendsComponent-2f8c1d43.js
  16:58  warning  'o' is defined but never used  no-unused-vars

/home/runner/work/exp-subtype-polymorphism-au/exp-subtype-polymorphism-au/experiment/simulation/assets/functionCallingWithObjectComponent-5a6b5cc0.js
  1:3354  warning  'o' is defined but never used  no-unused-vars

/home/runner/work/exp-subtype-polymorphism-au/exp-subtype-polymorphism-au/experiment/simulation/assets/getterComponent-ccfb0b85.js
  1:2936  warning  'r' is defined but never used  no-unused-vars

/home/runner/work/exp-subtype-polymorphism-au/exp-subtype-polymorphism-au/experiment/simulation/assets/index-7c0498ac.js
   5:1591   warning  'global' is not defined                                                    no-undef
   9:4292   warning  't' is defined but never used                                              no-unused-vars
   9:4805   warning  't' is defined but never used                                              no-unused-vars
   9:5324   warning  'r' is defined but never used                                              no-unused-vars
   9:5326   warning  'o' is defined but never used                                              no-unused-vars
   9:8392   warning  Do not access Object.prototype method 'hasOwnProperty' from target object  no-prototype-builtins
   9:9657   warning  't' is defined but never used                                              no-unused-vars
   9:9659   warning  'n' is defined but never used                                              no-unused-vars
   9:9686   warning  't' is defined but never used                                              no-unused-vars
   9:9688   warning  'n' is defined but never used                                              no-unused-vars
   9:10157  warning  't' is defined but never used                                              no-unused-vars
   9:14019  warning  't' is assigned a value but never used                                     no-unused-vars
  13:627    warning  's' is assigned a value but never used                                     no-unused-vars
  13:1424   warning  'e' is defined but never used                                              no-unused-vars
  13:1702   warning  'e' is defined but never used                                              no-unused-vars
  13:1711   warning  't' is assigned a value but never used                                     no-unused-vars
  13:2086   warning  'n' is defined but never used                                              no-unused-vars
  13:7057   warning  'n' is assigned a value but never used                                     no-unused-vars
  13:9177   warning  'F' is assigned a value but never used                                     no-unused-vars
  13:9205   warning  'R' is assigned a value but never used                                     no-unused-vars
  13:9359   warning  'Ft' is assigned a value but never used                                    no-unused-vars
  13:9719   warning  Setter cannot return a value                                               no-setter-return
  13:10157  warning  Setter cannot return a value                                               no-setter-return
  13:10331  warning  'n' is assigned a value but never used                                     no-unused-vars
  13:10549  warning  Setter cannot return a value                                               no-setter-return
  13:16459  warning  'n' is defined but never used                                              no-unused-vars
  13:27698  warning  'r' is assigned a value but never used                                     no-unused-vars
  13:27713  warning  'i' is assigned a value but never used                                     no-unused-vars
  13:36719  warning  'n' is defined but never used                                              no-unused-vars
  17:118    warning  Empty block statement                                                      no-empty
  17:3708   warning  Empty block statement                                                      no-empty
  17:4122   warning  Expected a conditional expression and instead saw an assignment            no-cond-assign
  17:7005   warning  'MathMLElement' is not defined                                             no-undef
  17:7201   warning  'e' is defined but never used                                              no-unused-vars
  17:7203   warning  't' is defined but never used                                              no-unused-vars
  17:7617   warning  Redundant double negation                                                  no-extra-boolean-cast
  21:1046   warning  Empty block statement                                                      no-empty
  21:2678   warning  Unnecessary escape character: \/                                           no-useless-escape
  21:10985  warning  Expected a conditional expression and instead saw an assignment            no-cond-assign
  21:15380  warning  'D' is defined but never used                                              no-unused-vars
  21:21111  warning  'G' is defined but never used                                              no-unused-vars
  21:26407  warning  'i' is defined but never used                                              no-unused-vars
  21:26850  warning  'i' is defined but never used                                              no-unused-vars
  21:27301  warning  'i' is defined but never used                                              no-unused-vars
  21:27731  warning  'i' is defined but never used                                              no-unused-vars
  21:28171  warning  'i' is defined but never used                                              no-unused-vars
  21:28301  warning  'i' is defined but never used                                              no-unused-vars

/home/runner/work/exp-subtype-polymorphism-au/exp-subtype-polymorphism-au/experiment/simulation/assets/interfaceComponent-5deb155c.js
  18:1371  warning  's' is defined but never used  no-unused-vars

/home/runner/work/exp-subtype-polymorphism-au/exp-subtype-polymorphism-au/experiment/simulation/assets/locateReservationView-92806c32.js
    1:4266  warning  'r' is defined but never used  no-unused-vars
   51:1106  warning  'r' is defined but never used  no-unused-vars
  115:67    warning  'r' is defined but never used  no-unused-vars

/home/runner/work/exp-subtype-polymorphism-au/exp-subtype-polymorphism-au/experiment/simulation/assets/newVariableComponent-e5467ccd.js
  1:2341  warning  'n' is defined but never used  no-unused-vars

/home/runner/work/exp-subtype-polymorphism-au/exp-subtype-polymorphism-au/experiment/simulation/assets/nullPointerExceptionComponent-725a3c8f.js
  14:72  warning  'l' is defined but never used  no-unused-vars

/home/runner/work/exp-subtype-polymorphism-au/exp-subtype-polymorphism-au/experiment/simulation/assets/objectCreationComponent-910eaf51.js
  1:2351  warning  'n' is defined but never used  no-unused-vars

/home/runner/work/exp-subtype-polymorphism-au/exp-subtype-polymorphism-au/experiment/simulation/assets/parseExceptionComponent-5b62bf96.js
  11:315  warning  's' is defined but never used  no-unused-vars

/home/runner/work/exp-subtype-polymorphism-au/exp-subtype-polymorphism-au/experiment/simulation/assets/passingArgumentsToFunctionsComponent-2a650db3.js
  13:1075  warning  's' is defined but never used  no-unused-vars

/home/runner/work/exp-subtype-polymorphism-au/exp-subtype-polymorphism-au/experiment/simulation/assets/printFunctionComponent-c896e94b.js
  1:2629  warning  'o' is defined but never used  no-unused-vars

/home/runner/work/exp-subtype-polymorphism-au/exp-subtype-polymorphism-au/experiment/simulation/assets/releaseContractView-c30792cb.js
    1:3827  warning  'r' is defined but never used  no-unused-vars
   57:928   warning  'r' is defined but never used  no-unused-vars
  121:67    warning  'r' is defined but never used  no-unused-vars

/home/runner/work/exp-subtype-polymorphism-au/exp-subtype-polymorphism-au/experiment/simulation/assets/requestVehicleView-54ed8906.js
    1:3941  warning  'i' is defined but never used  no-unused-vars
   38:699   warning  'i' is defined but never used  no-unused-vars
   82:908   warning  'i' is defined but never used  no-unused-vars
  133:67    warning  'i' is defined but never used  no-unused-vars

/home/runner/work/exp-subtype-polymorphism-au/exp-subtype-polymorphism-au/experiment/simulation/assets/setterComponent-f4a876b4.js
  1:2876  warning  'o' is defined but never used  no-unused-vars

/home/runner/work/exp-subtype-polymorphism-au/exp-subtype-polymorphism-au/experiment/simulation/assets/superKeywordComponent-0152cf5f.js
  38:293  warning  'n' is defined but never used  no-unused-vars

/home/runner/work/exp-subtype-polymorphism-au/exp-subtype-polymorphism-au/experiment/simulation/assets/thisComponent-f82a5747.js
  14:935  warning  's' is defined but never used  no-unused-vars

/home/runner/work/exp-subtype-polymorphism-au/exp-subtype-polymorphism-au/experiment/simulation/assets/tryCatchComponent-75ce3a6b.js
  10:66  warning  'a' is defined but never used  no-unused-vars

✖ 137 problems (0 errors, 137 warnings)
  0 errors and 1 warning potentially fixable with the `--fix` option.

